# JRE version: OpenJDK Runtime Environment Temurin-21.0.10+7 (21.0.10+7) (build 21.0.10+7-LTS)
# Java VM: OpenJDK 64-Bit Server VM Temurin-21.0.10+7 (21.0.10+7-LTS, mixed mode, sharing, tiered, compressed oops, compressed class ptrs, g1 gc, windows-amd64)
GC Precious Log:
 CardTable entry size: 512
 Card Set container configuration: InlinePtr #cards 4 size 8 Array Of Cards #cards 32 size 80 Howl #buckets 8 coarsen threshold 7372 Howl Bitmap #cards 1024 size 144 coarsen threshold 921 Card regions per heap region 1 cards per card region 8192
 CPUs: 12 total, 12 available
 Memory: 16052M
 Large Page Support: Disabled
 NUMA Support: Disabled
 Compressed Oops: Enabled (Zero based)
 Heap Region Size: 4M
 Heap Min Capacity: 8M
 Heap Initial Capacity: 252M
 Heap Max Capacity: 8G
 Pre-touch: Disabled
 Parallel Workers: 10
 Concurrent Workers: 3
 Concurrent Refinement Workers: 10
 Periodic GC: Disabled
Heap:
 garbage-first heap   total 155648K, used 102133K [0x0000000600000000, 0x0000000800000000)
  region size 4096K, 13 young (53248K), 3 survivors (12288K)
 Metaspace       used 70593K, committed 72640K, reserved 1114112K
  class space    used 10475K, committed 11520K, reserved 1048576K
GC Heap History (20 events):
Event: 6.474 GC heap before
{Heap before GC invocations=5 (full 0):
 garbage-first heap   total 98304K, used 93847K [0x0000000600000000, 0x0000000800000000)
  region size 4096K, 21 young (86016K), 4 survivors (16384K)
 Metaspace       used 31895K, committed 32960K, reserved 1114112K
  class space    used 4584K, committed 5120K, reserved 1048576K
}
Event: 6.484 GC heap after
{Heap after GC invocations=6 (full 0):
 garbage-first heap   total 118784K, used 30956K [0x0000000600000000, 0x0000000800000000)
  region size 4096K, 3 young (12288K), 3 survivors (12288K)
 Metaspace       used 31895K, committed 32960K, reserved 1114112K
  class space    used 4584K, committed 5120K, reserved 1048576K
}
Event: 6.896 GC heap before
{Heap before GC invocations=6 (full 0):
 garbage-first heap   total 118784K, used 88300K [0x0000000600000000, 0x0000000800000000)
  region size 4096K, 17 young (69632K), 3 survivors (12288K)
 Metaspace       used 34299K, committed 35392K, reserved 1114112K
  class space    used 4815K, committed 5312K, reserved 1048576K
}
Event: 6.903 GC heap after
{Heap after GC invocations=7 (full 0):
 garbage-first heap   total 118784K, used 32302K [0x0000000600000000, 0x0000000800000000)
  region size 4096K, 2 young (8192K), 2 survivors (8192K)
 Metaspace       used 34299K, committed 35392K, reserved 1114112K
  class space    used 4815K, committed 5312K, reserved 1048576K
}
Event: 7.002 GC heap before
{Heap before GC invocations=7 (full 0):
 garbage-first heap   total 118784K, used 36398K [0x0000000600000000, 0x0000000800000000)
  region size 4096K, 4 young (16384K), 2 survivors (8192K)
 Metaspace       used 35028K, committed 36096K, reserved 1114112K
  class space    used 4941K, committed 5440K, reserved 1048576K
}
Event: 7.006 GC heap after
{Heap after GC invocations=8 (full 0):
 garbage-first heap   total 118784K, used 32973K [0x0000000600000000, 0x0000000800000000)
  region size 4096K, 1 young (4096K), 1 survivors (4096K)
 Metaspace       used 35028K, committed 36096K, reserved 1114112K
  class space    used 4941K, committed 5440K, reserved 1048576K
}
Event: 8.025 GC heap before
{Heap before GC invocations=9 (full 0):
 garbage-first heap   total 118784K, used 94413K [0x0000000600000000, 0x0000000800000000)
  region size 4096K, 16 young (65536K), 1 survivors (4096K)
 Metaspace       used 41853K, committed 43456K, reserved 1114112K
  class space    used 6103K, committed 6848K, reserved 1048576K
}
Event: 8.029 GC heap after
{Heap after GC invocations=10 (full 0):
 garbage-first heap   total 118784K, used 36303K [0x0000000600000000, 0x0000000800000000)
  region size 4096K, 2 young (8192K), 2 survivors (8192K)
 Metaspace       used 41853K, committed 43456K, reserved 1114112K
  class space    used 6103K, committed 6848K, reserved 1048576K
}
Event: 8.630 GC heap before
{Heap before GC invocations=10 (full 0):
 garbage-first heap   total 118784K, used 97743K [0x0000000600000000, 0x0000000800000000)
  region size 4096K, 17 young (69632K), 2 survivors (8192K)
 Metaspace       used 46035K, committed 47744K, reserved 1114112K
  class space    used 6823K, committed 7616K, reserved 1048576K
}
Event: 8.634 GC heap after
{Heap after GC invocations=11 (full 0):
 garbage-first heap   total 118784K, used 38712K [0x0000000600000000, 0x0000000800000000)
  region size 4096K, 2 young (8192K), 2 survivors (8192K)
 Metaspace       used 46035K, committed 47744K, reserved 1114112K
  class space    used 6823K, committed 7616K, reserved 1048576K
}
Event: 9.385 GC heap before
{Heap before GC invocations=11 (full 0):
 garbage-first heap   total 118784K, used 100152K [0x0000000600000000, 0x0000000800000000)
  region size 4096K, 17 young (69632K), 2 survivors (8192K)
 Metaspace       used 50325K, committed 52032K, reserved 1114112K
  class space    used 7481K, committed 8320K, reserved 1048576K
}
Event: 9.390 GC heap after
{Heap after GC invocations=12 (full 0):
 garbage-first heap   total 118784K, used 43874K [0x0000000600000000, 0x0000000800000000)
  region size 4096K, 3 young (12288K), 3 survivors (12288K)
 Metaspace       used 50325K, committed 52032K, reserved 1114112K
  class space    used 7481K, committed 8320K, reserved 1048576K
}
Event: 9.857 GC heap before
{Heap before GC invocations=12 (full 0):
 garbage-first heap   total 118784K, used 101218K [0x0000000600000000, 0x0000000800000000)
  region size 4096K, 17 young (69632K), 3 survivors (12288K)
 Metaspace       used 55833K, committed 57664K, reserved 1114112K
  class space    used 8295K, committed 9216K, reserved 1048576K
}
Event: 9.864 GC heap after
{Heap after GC invocations=13 (full 0):
 garbage-first heap   total 126976K, used 54174K [0x0000000600000000, 0x0000000800000000)
  region size 4096K, 3 young (12288K), 3 survivors (12288K)
 Metaspace       used 55833K, committed 57664K, reserved 1114112K
  class space    used 8295K, committed 9216K, reserved 1048576K
}
Event: 10.131 GC heap before
{Heap before GC invocations=13 (full 0):
 garbage-first heap   total 126976K, used 70558K [0x0000000600000000, 0x0000000800000000)
  region size 4096K, 8 young (32768K), 3 survivors (12288K)
 Metaspace       used 58385K, committed 60288K, reserved 1114112K
  class space    used 8627K, committed 9600K, reserved 1048576K
}
Event: 10.136 GC heap after
{Heap after GC invocations=14 (full 0):
 garbage-first heap   total 126976K, used 54346K [0x0000000600000000, 0x0000000800000000)
  region size 4096K, 1 young (4096K), 1 survivors (4096K)
 Metaspace       used 58385K, committed 60288K, reserved 1114112K
  class space    used 8627K, committed 9600K, reserved 1048576K
}
Event: 10.576 GC heap before
{Heap before GC invocations=15 (full 0):
 garbage-first heap   total 126976K, used 115786K [0x0000000600000000, 0x0000000800000000)
  region size 4096K, 15 young (61440K), 1 survivors (4096K)
 Metaspace       used 62562K, committed 64448K, reserved 1114112K
  class space    used 9219K, committed 10176K, reserved 1048576K
}
Event: 10.579 GC heap after
{Heap after GC invocations=16 (full 0):
 garbage-first heap   total 155648K, used 60547K [0x0000000600000000, 0x0000000800000000)
  region size 4096K, 1 young (4096K), 1 survivors (4096K)
 Metaspace       used 62562K, committed 64448K, reserved 1114112K
  class space    used 9219K, committed 10176K, reserved 1048576K
}
Event: 11.363 GC heap before
{Heap before GC invocations=16 (full 0):
 garbage-first heap   total 155648K, used 138371K [0x0000000600000000, 0x0000000800000000)
  region size 4096K, 20 young (81920K), 1 survivors (4096K)
 Metaspace       used 67274K, committed 69312K, reserved 1114112K
  class space    used 9898K, committed 10880K, reserved 1048576K
}
Event: 11.369 GC heap after
{Heap after GC invocations=17 (full 0):
 garbage-first heap   total 155648K, used 65269K [0x0000000600000000, 0x0000000800000000)
  region size 4096K, 3 young (12288K), 3 survivors (12288K)
 Metaspace       used 67274K, committed 69312K, reserved 1114112K
  class space    used 9898K, committed 10880K, reserved 1048576K
}

